C:\_SoftwareDev\eclipse_projects\springaction4thedition>mvn clean package
[INFO] Scanning for projects...
[INFO]
[INFO] ------------------------------------------------------------------------
[INFO] Building spittr 0.0.1-SNAPSHOT
[INFO] ------------------------------------------------------------------------
[INFO]
[INFO] --- maven-clean-plugin:2.5:clean (default-clean) @ spittr ---
[INFO] Deleting C:\_SoftwareDev\eclipse_projects\springaction4thedition\target
[INFO]
[INFO] --- maven-resources-plugin:2.6:resources (default-resources) @ spittr ---
[INFO] Using 'UTF-8' encoding to copy filtered resources.
[INFO] skip non existing resourceDirectory C:\_SoftwareDev\eclipse_projects\springaction4thedition\src\main\resources
[INFO]
[INFO] --- maven-compiler-plugin:3.1:compile (default-compile) @ spittr ---
[INFO] Changes detected - recompiling the module!
[INFO] Compiling 11 source files to C:\_SoftwareDev\eclipse_projects\springaction4thedition\target\classes
[INFO]
[INFO] --- maven-resources-plugin:2.6:testResources (default-testResources) @ spittr ---
[INFO] Using 'UTF-8' encoding to copy filtered resources.
[INFO] skip non existing resourceDirectory C:\_SoftwareDev\eclipse_projects\springaction4thedition\src\test\resources
[INFO]
[INFO] --- maven-compiler-plugin:3.1:testCompile (default-testCompile) @ spittr ---
[INFO] Changes detected - recompiling the module!
[INFO] Compiling 3 source files to C:\_SoftwareDev\eclipse_projects\springaction4thedition\target\test-classes
[INFO]
[INFO] --- maven-surefire-plugin:2.12.4:test (default-test) @ spittr ---
[INFO] Surefire report directory: C:\_SoftwareDev\eclipse_projects\springaction4thedition\target\surefire-reports

-------------------------------------------------------
 T E S T S
-------------------------------------------------------
Running pland.com.springaction4thedition.web.HomeControllerTest
九月 02, 2016 6:08:23 下午 org.springframework.test.web.servlet.setup.StandaloneMockMvcBuilder$StaticRequestMappingHandlerMapping register
信息: Mapped "{[/],methods=[GET]}" onto public java.lang.String pland.com.springaction4thedition.web.HomeController.home()
九月 02, 2016 6:08:24 下午 org.springframework.web.servlet.mvc.method.annotation.RequestMappingHandlerAdapter initControllerAdviceCache
信息: Looking for @ControllerAdvice: org.springframework.test.web.servlet.setup.StubWebApplicationContext@351037b
九月 02, 2016 6:08:24 下午 org.springframework.mock.web.MockServletContext log
信息: Initializing Spring FrameworkServlet ''
九月 02, 2016 6:08:24 下午 org.springframework.test.web.servlet.TestDispatcherServlet initServletBean
信息: FrameworkServlet '': initialization started
九月 02, 2016 6:08:24 下午 org.springframework.test.web.servlet.TestDispatcherServlet initServletBean
信息: FrameworkServlet '': initialization completed in 4 ms
Tests run: 1, Failures: 0, Errors: 0, Skipped: 0, Time elapsed: 0.923 sec
Running pland.com.springaction4thedition.web.SpitterControllerTest
九月 02, 2016 6:08:24 下午 org.springframework.test.web.servlet.setup.StandaloneMockMvcBuilder$StaticRequestMappingHandlerMapping register
信息: Mapped "{[/spitter/register],methods=[POST]}" onto public java.lang.String pland.com.springaction4thedition.web.SpitterController.processRegistrationForm(pland.com.springaction4thedition.data.Spitter)
九月 02, 2016 6:08:24 下午 org.springframework.test.web.servlet.setup.StandaloneMockMvcBuilder$StaticRequestMappingHandlerMapping register
信息: Mapped "{[/spitter/{username}],methods=[GET]}" onto public java.lang.String pland.com.springaction4thedition.web.SpitterController.showSpitterProfile(java.lang.String,org.springframework.ui.Model)
九月 02, 2016 6:08:24 下午 org.springframework.test.web.servlet.setup.StandaloneMockMvcBuilder$StaticRequestMappingHandlerMapping register
信息: Mapped "{[/spitter/register],methods=[GET]}" onto public java.lang.String pland.com.springaction4thedition.web.SpitterController.showRegistrationForm()
九月 02, 2016 6:08:24 下午 org.springframework.web.servlet.mvc.method.annotation.RequestMappingHandlerAdapter initControllerAdviceCache
信息: Looking for @ControllerAdvice: org.springframework.test.web.servlet.setup.StubWebApplicationContext@55dbe543
九月 02, 2016 6:08:24 下午 org.springframework.mock.web.MockServletContext log
信息: Initializing Spring FrameworkServlet ''
九月 02, 2016 6:08:24 下午 org.springframework.test.web.servlet.TestDispatcherServlet initServletBean
信息: FrameworkServlet '': initialization started
九月 02, 2016 6:08:24 下午 org.springframework.test.web.servlet.TestDispatcherServlet initServletBean
信息: FrameworkServlet '': initialization completed in 0 ms
九月 02, 2016 6:08:24 下午 org.springframework.test.web.servlet.setup.StandaloneMockMvcBuilder$StaticRequestMappingHandlerMapping register
信息: Mapped "{[/spitter/register],methods=[POST]}" onto public java.lang.String pland.com.springaction4thedition.web.SpitterController.processRegistrationForm(pland.com.springaction4thedition.data.Spitter)
九月 02, 2016 6:08:24 下午 org.springframework.test.web.servlet.setup.StandaloneMockMvcBuilder$StaticRequestMappingHandlerMapping register
信息: Mapped "{[/spitter/{username}],methods=[GET]}" onto public java.lang.String pland.com.springaction4thedition.web.SpitterController.showSpitterProfile(java.lang.String,org.springframework.ui.Model)
九月 02, 2016 6:08:24 下午 org.springframework.test.web.servlet.setup.StandaloneMockMvcBuilder$StaticRequestMappingHandlerMapping register
信息: Mapped "{[/spitter/register],methods=[GET]}" onto public java.lang.String pland.com.springaction4thedition.web.SpitterController.showRegistrationForm()
九月 02, 2016 6:08:24 下午 org.springframework.web.servlet.mvc.method.annotation.RequestMappingHandlerAdapter initControllerAdviceCache
信息: Looking for @ControllerAdvice: org.springframework.test.web.servlet.setup.StubWebApplicationContext@10cd5c1d
九月 02, 2016 6:08:24 下午 org.springframework.mock.web.MockServletContext log
信息: Initializing Spring FrameworkServlet ''
九月 02, 2016 6:08:24 下午 org.springframework.test.web.servlet.TestDispatcherServlet initServletBean
信息: FrameworkServlet '': initialization started
九月 02, 2016 6:08:24 下午 org.springframework.test.web.servlet.TestDispatcherServlet initServletBean
信息: FrameworkServlet '': initialization completed in 0 ms
Tests run: 2, Failures: 0, Errors: 1, Skipped: 0, Time elapsed: 0.433 sec <<< FAILURE!
shouldProcessRegistrationForm(pland.com.springaction4thedition.web.SpitterControllerTest)  Time elapsed: 0.173 sec  <<< ERROR!
org.springframework.web.util.NestedServletException: Request processing failed; nested exception is org.springframework.beans.BeanInstantiationException: Failed to instantiate [pland.com.springaction4thedition.data.Spitter]: No default constructor found; nested exception is java.lang.NoSuchMethodException: pland.com.springaction4thedition.data.Spitter.<init>()
        at org.springframework.web.servlet.FrameworkServlet.processRequest(FrameworkServlet.java:982)
        at org.springframework.web.servlet.FrameworkServlet.doPost(FrameworkServlet.java:872)
        at javax.servlet.http.HttpServlet.service(HttpServlet.java:707)
        at org.springframework.web.servlet.FrameworkServlet.service(FrameworkServlet.java:846)
        at org.springframework.test.web.servlet.TestDispatcherServlet.service(TestDispatcherServlet.java:65)
        at javax.servlet.http.HttpServlet.service(HttpServlet.java:790)
        at org.springframework.mock.web.MockFilterChain$ServletFilterProxy.doFilter(MockFilterChain.java:167)
        at org.springframework.mock.web.MockFilterChain.doFilter(MockFilterChain.java:134)
        at org.springframework.test.web.servlet.MockMvc.perform(MockMvc.java:155)
        at pland.com.springaction4thedition.web.SpitterControllerTest.shouldProcessRegistrationForm(SpitterControllerTest.java:46)
        at sun.reflect.NativeMethodAccessorImpl.invoke0(Native Method)
        at sun.reflect.NativeMethodAccessorImpl.invoke(NativeMethodAccessorImpl.java:57)
        at sun.reflect.DelegatingMethodAccessorImpl.invoke(DelegatingMethodAccessorImpl.java:43)
        at java.lang.reflect.Method.invoke(Method.java:606)
        at org.junit.runners.model.FrameworkMethod$1.runReflectiveCall(FrameworkMethod.java:47)
        at org.junit.internal.runners.model.ReflectiveCallable.run(ReflectiveCallable.java:12)
        at org.junit.runners.model.FrameworkMethod.invokeExplosively(FrameworkMethod.java:44)
        at org.junit.internal.runners.statements.InvokeMethod.evaluate(InvokeMethod.java:17)
        at org.junit.runners.ParentRunner.runLeaf(ParentRunner.java:271)
        at org.junit.runners.BlockJUnit4ClassRunner.runChild(BlockJUnit4ClassRunner.java:70)
        at org.junit.runners.BlockJUnit4ClassRunner.runChild(BlockJUnit4ClassRunner.java:50)
        at org.junit.runners.ParentRunner$3.run(ParentRunner.java:238)
        at org.junit.runners.ParentRunner$1.schedule(ParentRunner.java:63)
        at org.junit.runners.ParentRunner.runChildren(ParentRunner.java:236)
        at org.junit.runners.ParentRunner.access$000(ParentRunner.java:53)
        at org.junit.runners.ParentRunner$2.evaluate(ParentRunner.java:229)
        at org.junit.runners.ParentRunner.run(ParentRunner.java:309)
        at org.apache.maven.surefire.junit4.JUnit4Provider.execute(JUnit4Provider.java:252)
        at org.apache.maven.surefire.junit4.JUnit4Provider.executeTestSet(JUnit4Provider.java:141)
        at org.apache.maven.surefire.junit4.JUnit4Provider.invoke(JUnit4Provider.java:112)
        at sun.reflect.NativeMethodAccessorImpl.invoke0(Native Method)
        at sun.reflect.NativeMethodAccessorImpl.invoke(NativeMethodAccessorImpl.java:57)
        at sun.reflect.DelegatingMethodAccessorImpl.invoke(DelegatingMethodAccessorImpl.java:43)
        at java.lang.reflect.Method.invoke(Method.java:606)
        at org.apache.maven.surefire.util.ReflectionUtils.invokeMethodWithArray(ReflectionUtils.java:189)
        at org.apache.maven.surefire.booter.ProviderFactory$ProviderProxy.invoke(ProviderFactory.java:165)
        at org.apache.maven.surefire.booter.ProviderFactory.invokeProvider(ProviderFactory.java:85)
        at org.apache.maven.surefire.booter.ForkedBooter.runSuitesInProcess(ForkedBooter.java:115)
        at org.apache.maven.surefire.booter.ForkedBooter.main(ForkedBooter.java:75)
Caused by: org.springframework.beans.BeanInstantiationException: Failed to instantiate [pland.com.springaction4thedition.data.Spitter]: No default constructor found; nested exception is java.lang.NoSuchMethodException: pland.com.springaction4thedition.data.Spitter.<init>()
        at org.springframework.beans.BeanUtils.instantiateClass(BeanUtils.java:105)
        at org.springframework.web.method.annotation.ModelAttributeMethodProcessor.createAttribute(ModelAttributeMethodProcessor.java:142)
        at org.springframework.web.servlet.mvc.method.annotation.ServletModelAttributeMethodProcessor.createAttribute(ServletModelAttributeMethodProcessor.java:80)
        at org.springframework.web.method.annotation.ModelAttributeMethodProcessor.resolveArgument(ModelAttributeMethodProcessor.java:102)
        at org.springframework.web.method.support.HandlerMethodArgumentResolverComposite.resolveArgument(HandlerMethodArgumentResolverComposite.java:121)
        at org.springframework.web.method.support.InvocableHandlerMethod.getMethodArgumentValues(InvocableHandlerMethod.java:161)
        at org.springframework.web.method.support.InvocableHandlerMethod.invokeForRequest(InvocableHandlerMethod.java:128)
        at org.springframework.web.servlet.mvc.method.annotation.ServletInvocableHandlerMethod.invokeAndHandle(ServletInvocableHandlerMethod.java:114)
        at org.springframework.web.servlet.mvc.method.annotation.RequestMappingHandlerAdapter.invokeHandlerMethod(RequestMappingHandlerAdapter.java:827)
        at org.springframework.web.servlet.mvc.method.annotation.RequestMappingHandlerAdapter.handleInternal(RequestMappingHandlerAdapter.java:738)
        at org.springframework.web.servlet.mvc.method.AbstractHandlerMethodAdapter.handle(AbstractHandlerMethodAdapter.java:85)
        at org.springframework.web.servlet.DispatcherServlet.doDispatch(DispatcherServlet.java:963)
        at org.springframework.web.servlet.DispatcherServlet.doService(DispatcherServlet.java:897)
        at org.springframework.web.servlet.FrameworkServlet.processRequest(FrameworkServlet.java:970)
        ... 38 more
Caused by: java.lang.NoSuchMethodException: pland.com.springaction4thedition.data.Spitter.<init>()
        at java.lang.Class.getConstructor0(Class.java:2810)
        at java.lang.Class.getDeclaredConstructor(Class.java:2053)
        at org.springframework.beans.BeanUtils.instantiateClass(BeanUtils.java:102)
        ... 51 more

Running pland.com.springaction4thedition.web.SpittleControllerTest
九月 02, 2016 6:08:24 下午 org.springframework.test.web.servlet.setup.StandaloneMockMvcBuilder$StaticRequestMappingHandlerMapping register
信息: Mapped "{[/spittles],methods=[GET]}" onto public java.lang.String pland.com.springaction4thedition.web.SpittleController.spittles(org.springframework.ui.Model)
九月 02, 2016 6:08:24 下午 org.springframework.test.web.servlet.setup.StandaloneMockMvcBuilder$StaticRequestMappingHandlerMapping register
信息: Mapped "{[/spittles/{spittleId}],methods=[GET]}" onto public java.lang.String pland.com.springaction4thedition.web.SpittleController.showSpittle(long,org.springframework.ui.Model)
九月 02, 2016 6:08:24 下午 org.springframework.web.servlet.mvc.method.annotation.RequestMappingHandlerAdapter initControllerAdviceCache
信息: Looking for @ControllerAdvice: org.springframework.test.web.servlet.setup.StubWebApplicationContext@24ec15c8
九月 02, 2016 6:08:24 下午 org.springframework.mock.web.MockServletContext log
信息: Initializing Spring FrameworkServlet ''
九月 02, 2016 6:08:24 下午 org.springframework.test.web.servlet.TestDispatcherServlet initServletBean
信息: FrameworkServlet '': initialization started
九月 02, 2016 6:08:24 下午 org.springframework.test.web.servlet.TestDispatcherServlet initServletBean
信息: FrameworkServlet '': initialization completed in 0 ms
九月 02, 2016 6:08:24 下午 org.springframework.test.web.servlet.setup.StandaloneMockMvcBuilder$StaticRequestMappingHandlerMapping register
信息: Mapped "{[/spittles],methods=[GET]}" onto public java.lang.String pland.com.springaction4thedition.web.SpittleController.spittles(org.springframework.ui.Model)
九月 02, 2016 6:08:24 下午 org.springframework.test.web.servlet.setup.StandaloneMockMvcBuilder$StaticRequestMappingHandlerMapping register
信息: Mapped "{[/spittles/{spittleId}],methods=[GET]}" onto public java.lang.String pland.com.springaction4thedition.web.SpittleController.showSpittle(long,org.springframework.ui.Model)
九月 02, 2016 6:08:24 下午 org.springframework.web.servlet.mvc.method.annotation.RequestMappingHandlerAdapter initControllerAdviceCache
信息: Looking for @ControllerAdvice: org.springframework.test.web.servlet.setup.StubWebApplicationContext@2d2e86c
九月 02, 2016 6:08:24 下午 org.springframework.mock.web.MockServletContext log
信息: Initializing Spring FrameworkServlet ''
九月 02, 2016 6:08:24 下午 org.springframework.test.web.servlet.TestDispatcherServlet initServletBean
信息: FrameworkServlet '': initialization started
九月 02, 2016 6:08:24 下午 org.springframework.test.web.servlet.TestDispatcherServlet initServletBean
信息: FrameworkServlet '': initialization completed in 0 ms
Tests run: 2, Failures: 0, Errors: 0, Skipped: 0, Time elapsed: 0.132 sec

Results :

Tests in error:
  shouldProcessRegistrationForm(pland.com.springaction4thedition.web.SpitterControllerTest): Request processing failed; nested exception is org.springframework.beans.BeanInstantiationException: Failed to instantiate [pland.com.springaction4thedition.data.Spitter]: No default constructor found; nested exception is java.lang.NoSuchMethodException: pland.com.springaction4thedition.data.Spitter.<init>()

Tests run: 5, Failures: 0, Errors: 1, Skipped: 0

[INFO] ------------------------------------------------------------------------
[INFO] BUILD FAILURE
[INFO] ------------------------------------------------------------------------
[INFO] Total time: 5.897 s
[INFO] Finished at: 2016-09-02T18:08:25-04:00
[INFO] Final Memory: 15M/179M
[INFO] ------------------------------------------------------------------------
[ERROR] Failed to execute goal org.apache.maven.plugins:maven-surefire-plugin:2.12.4:test (default-test) on project spittr: There are test failures.
[ERROR]
[ERROR] Please refer to C:\_SoftwareDev\eclipse_projects\springaction4thedition\target\surefire-reports for the individual test results.
[ERROR] -> [Help 1]
[ERROR]
[ERROR] To see the full stack trace of the errors, re-run Maven with the -e switch.
[ERROR] Re-run Maven using the -X switch to enable full debug logging.
[ERROR]
[ERROR] For more information about the errors and possible solutions, please read the following articles:
[ERROR] [Help 1] http://cwiki.apache.org/confluence/display/MAVEN/MojoFailureException

C:\_SoftwareDev\eclipse_projects\springaction4thedition>